PRT1
82
197
4 0 16 (704 1344 -16 ) (704 1344 768 ) (704 1360 768 ) (704 1360 -16 ) 
4 0 5 (704 1344 768 ) (704 1344 1600 ) (704 1360 1600 ) (704 1360 768 ) 
4 0 4 (1920 1344 -16 ) (1936 1344 -16 ) (1936 1344 0 ) (1920 1344 0 ) 
4 0 2 (1920 1344 0 ) (1936 1344 0 ) (1936 1344 1584 ) (1920 1344 1584 ) 
4 0 1 (1936 1344 1600 ) (704 1344 1600 ) (704 1344 1584 ) (1936 1344 1584 ) 
4 1 22 (704 -320 1600 ) (704 -320 1584 ) (1936 -320 1584 ) (1936 -320 1600 ) 
4 1 8 (704 -320 1584 ) (704 -320 1600 ) (704 -64 1600 ) (704 -64 1584 ) 
4 1 6 (704 -64 1600 ) (704 1344 1600 ) (704 1344 1584 ) (704 -64 1584 ) 
4 1 2 (1936 -320 1584 ) (1920 -320 1584 ) (1920 1344 1584 ) (1936 1344 1584 ) 
4 2 23 (1936 -320 1584 ) (1920 -320 1584 ) (1920 -320 0 ) (1936 -320 0 ) 
4 2 4 (1920 1344 0 ) (1936 1344 0 ) (1936 -320 0 ) (1920 -320 0 ) 
4 3 24 (1920 -320 1584 ) (704 -320 1584 ) (704 -320 0 ) (1920 -320 0 ) 
4 3 18 (704 -320 0 ) (704 -320 768 ) (704 -192 768 ) (704 -192 0 ) 
4 3 17 (704 -64 768 ) (704 1344 768 ) (704 1344 0 ) (704 -64 0 ) 
4 3 10 (704 -320 880 ) (704 -320 992 ) (704 -192 992 ) (704 -192 880 ) 
4 3 9 (704 -320 992 ) (704 -320 1584 ) (704 -64 1584 ) (704 -64 992 ) 
4 3 7 (704 -64 1584 ) (704 1344 1584 ) (704 1344 768 ) (704 -64 768 ) 
4 4 25 (1936 -320 0 ) (1920 -320 0 ) (1920 -320 -16 ) (1936 -320 -16 ) 
4 5 40 (-64 1360 768 ) (-64 1344 768 ) (-64 1344 1584 ) (-64 1360 1584 ) 
4 5 39 (-64 1344 1584 ) (-64 1344 1600 ) (-64 1360 1600 ) (-64 1360 1584 ) 
4 5 16 (704 1360 768 ) (704 1344 768 ) (-64 1344 768 ) (-64 1360 768 ) 
4 5 6 (704 1344 1584 ) (704 1344 1600 ) (-64 1344 1600 ) (-64 1344 1584 ) 
4 6 43 (-64 192 1584 ) (-64 -64 1584 ) (-64 -64 1600 ) (-64 192 1600 ) 
4 6 39 (-64 1344 1600 ) (-64 1344 1584 ) (-64 192 1584 ) (-64 192 1600 ) 
4 6 8 (-64 -64 1600 ) (-64 -64 1584 ) (704 -64 1584 ) (704 -64 1600 ) 
4 7 44 (-64 192 768 ) (-64 -64 768 ) (-64 -64 1584 ) (-64 192 1584 ) 
4 7 41 (-64 1344 1584 ) (-64 1344 768 ) (-64 192 768 ) (-64 192 1584 ) 
4 7 17 (704 1344 768 ) (704 -64 768 ) (-64 -64 768 ) (-64 1344 768 ) 
4 7 15 (-64 -64 880 ) (-64 -64 768 ) (320 -64 768 ) (320 -64 880 ) 
4 7 13 (-64 -64 992 ) (-64 -64 880 ) (320 -64 880 ) (320 -64 992 ) 
4 7 11 (576 -64 880 ) (576 -64 992 ) (448 -64 992 ) (448 -64 880 ) 
4 7 9 (-64 -64 1584 ) (-64 -64 992 ) (704 -64 992 ) (704 -64 1584 ) 
4 8 43 (-64 -320 1584 ) (-64 -320 1600 ) (-64 -64 1600 ) (-64 -64 1584 ) 
4 8 27 (704 -320 1584 ) (704 -320 1600 ) (-64 -320 1600 ) (-64 -320 1584 ) 
4 9 44 (-64 -320 992 ) (-64 -320 1584 ) (-64 -64 1584 ) (-64 -64 992 ) 
4 9 28 (704 -320 992 ) (704 -320 1584 ) (-64 -320 1584 ) (-64 -320 992 ) 
4 9 13 (-64 -64 992 ) (320 -64 992 ) (320 -192 992 ) (-64 -192 992 ) 
4 9 14 (448 -192 992 ) (448 -320 992 ) (-64 -320 992 ) (-64 -192 992 ) 
4 9 11 (448 -64 992 ) (576 -64 992 ) (576 -192 992 ) (448 -192 992 ) 
4 9 12 (576 -192 992 ) (576 -320 992 ) (448 -320 992 ) (448 -192 992 ) 
4 9 10 (704 -192 992 ) (704 -320 992 ) (576 -320 992 ) (576 -192 992 ) 
4 10 12 (576 -320 880 ) (576 -320 992 ) (576 -192 992 ) (576 -192 880 ) 
4 11 12 (448 -192 992 ) (448 -192 880 ) (576 -192 880 ) (576 -192 992 ) 
4 12 29 (576 -320 992 ) (448 -320 992 ) (448 -320 880 ) (576 -320 880 ) 
4 12 19 (576 -320 768 ) (448 -320 768 ) (448 -192 768 ) (576 -192 768 ) 
4 12 14 (448 -320 880 ) (448 -320 992 ) (448 -192 992 ) (448 -192 880 ) 
4 13 44 (-64 -192 992 ) (-64 -64 992 ) (-64 -64 880 ) (-64 -192 880 ) 
4 13 15 (-64 -64 880 ) (320 -64 880 ) (320 -192 880 ) (-64 -192 880 ) 
4 13 14 (320 -192 992 ) (-64 -192 992 ) (-64 -192 880 ) (320 -192 880 ) 
4 14 44 (-64 -320 880 ) (-64 -320 992 ) (-64 -192 992 ) (-64 -192 880 ) 
4 14 30 (320 -320 992 ) (-64 -320 992 ) (-64 -320 880 ) (320 -320 880 ) 
4 14 15 (320 -320 880 ) (-64 -320 880 ) (-64 -192 880 ) (320 -192 880 ) 
4 15 44 (-64 -320 768 ) (-64 -320 880 ) (-64 -64 880 ) (-64 -64 768 ) 
4 15 30 (-64 -320 880 ) (-64 -320 768 ) (320 -320 768 ) (320 -320 880 ) 
4 15 21 (320 -320 768 ) (-64 -320 768 ) (-64 -64 768 ) (320 -64 768 ) 
4 16 42 (-64 1344 -16 ) (-64 1344 0 ) (-64 1360 0 ) (-64 1360 -16 ) 
4 16 40 (-64 1344 0 ) (-64 1344 768 ) (-64 1360 768 ) (-64 1360 0 ) 
4 17 50 (-64 -64 0 ) (-64 -64 320 ) (-64 64 320 ) (-64 64 0 ) 
4 17 45 (-64 -64 432 ) (-64 -64 544 ) (-64 64 544 ) (-64 64 432 ) 
4 17 44 (-64 -64 544 ) (-64 -64 768 ) (-64 192 768 ) (-64 192 544 ) 
4 17 41 (-64 192 768 ) (-64 1344 768 ) (-64 1344 0 ) (-64 192 0 ) 
4 17 21 (320 -64 768 ) (-64 -64 768 ) (-64 -64 0 ) (320 -64 0 ) 
4 17 19 (576 -64 768 ) (448 -64 768 ) (448 -64 0 ) (576 -64 0 ) 
4 18 19 (576 -192 0 ) (576 -320 0 ) (576 -320 768 ) (576 -192 768 ) 
4 19 34 (576 -320 768 ) (448 -320 768 ) (448 -320 0 ) (576 -320 0 ) 
4 19 20 (448 -192 0 ) (448 -320 0 ) (448 -320 768 ) (448 -192 768 ) 
4 20 21 (320 -192 0 ) (320 -320 0 ) (320 -320 768 ) (320 -192 768 ) 
4 21 50 (-64 -320 0 ) (-64 -320 320 ) (-64 -64 320 ) (-64 -64 0 ) 
4 21 45 (-64 -320 432 ) (-64 -320 544 ) (-64 -64 544 ) (-64 -64 432 ) 
4 21 44 (-64 -320 544 ) (-64 -320 768 ) (-64 -64 768 ) (-64 -64 544 ) 
4 21 36 (320 -320 0 ) (320 -320 208 ) (-64 -320 208 ) (-64 -320 0 ) 
4 21 35 (320 -320 320 ) (320 -320 768 ) (-64 -320 768 ) (-64 -320 320 ) 
4 22 31 (704 -448 1584 ) (704 -1920 1584 ) (704 -1920 1600 ) (704 -448 1600 ) 
4 22 27 (704 -320 1600 ) (704 -320 1584 ) (704 -448 1584 ) (704 -448 1600 ) 
4 22 26 (704 -1920 1600 ) (704 -1920 1584 ) (1936 -1920 1584 ) (1936 -1920 1600 ) 
4 22 23 (1936 -1920 1584 ) (1920 -1920 1584 ) (1920 -320 1584 ) (1936 -320 1584 ) 
4 23 26 (1936 -1920 1584 ) (1920 -1920 1584 ) (1920 -1920 0 ) (1936 -1920 0 ) 
4 23 25 (1920 -320 0 ) (1936 -320 0 ) (1936 -1920 0 ) (1920 -1920 0 ) 
4 24 37 (704 -448 0 ) (704 -1920 0 ) (704 -1920 768 ) (704 -448 768 ) 
4 24 32 (704 -448 768 ) (704 -1920 768 ) (704 -1920 1584 ) (704 -448 1584 ) 
4 24 28 (704 -320 1584 ) (704 -320 992 ) (704 -448 992 ) (704 -448 1584 ) 
4 25 26 (1936 -1920 0 ) (1920 -1920 0 ) (1920 -1920 -16 ) (1936 -1920 -16 ) 
4 26 38 (704 -1920 768 ) (704 -1920 -16 ) (704 -1936 -16 ) (704 -1936 768 ) 
4 26 33 (704 -1936 1600 ) (704 -1920 1600 ) (704 -1920 768 ) (704 -1936 768 ) 
4 27 56 (-64 -320 1600 ) (-64 -320 1584 ) (-64 -448 1584 ) (-64 -448 1600 ) 
4 27 31 (-64 -448 1600 ) (-64 -448 1584 ) (704 -448 1584 ) (704 -448 1600 ) 
4 28 57 (-64 -320 1584 ) (-64 -320 992 ) (-64 -448 992 ) (-64 -448 1584 ) 
4 28 32 (-64 -448 1584 ) (-64 -448 992 ) (704 -448 992 ) (704 -448 1584 ) 
4 28 30 (-64 -448 992 ) (-64 -320 992 ) (320 -320 992 ) (320 -448 992 ) 
4 28 29 (448 -320 992 ) (576 -320 992 ) (576 -448 992 ) (448 -448 992 ) 
4 29 32 (576 -448 880 ) (576 -448 992 ) (448 -448 992 ) (448 -448 880 ) 
4 30 57 (-64 -320 992 ) (-64 -320 768 ) (-64 -448 768 ) (-64 -448 992 ) 
4 30 35 (320 -448 768 ) (-64 -448 768 ) (-64 -320 768 ) (320 -320 768 ) 
4 30 32 (-64 -448 992 ) (-64 -448 768 ) (320 -448 768 ) (320 -448 992 ) 
4 31 56 (-64 -448 1600 ) (-64 -448 1584 ) (-64 -1920 1584 ) (-64 -1920 1600 ) 
4 31 33 (704 -1920 1584 ) (704 -1920 1600 ) (-64 -1920 1600 ) (-64 -1920 1584 ) 
4 32 57 (-64 -448 1584 ) (-64 -448 768 ) (-64 -1920 768 ) (-64 -1920 1584 ) 
4 32 37 (704 -448 768 ) (704 -1920 768 ) (-64 -1920 768 ) (-64 -448 768 ) 
4 33 58 (-64 -1936 1600 ) (-64 -1920 1600 ) (-64 -1920 768 ) (-64 -1936 768 ) 
4 33 38 (704 -1920 768 ) (704 -1936 768 ) (-64 -1936 768 ) (-64 -1920 768 ) 
4 34 37 (576 -448 768 ) (448 -448 768 ) (448 -448 0 ) (576 -448 0 ) 
4 35 59 (-64 -448 544 ) (-64 -448 768 ) (-64 -320 768 ) (-64 -320 544 ) 
4 35 37 (320 -448 768 ) (-64 -448 768 ) (-64 -448 320 ) (320 -448 320 ) 
4 36 37 (-64 -448 208 ) (-64 -448 0 ) (320 -448 0 ) (320 -448 208 ) 
4 37 69 (-64 -1920 0 ) (-64 -1920 768 ) (-64 -1088 768 ) (-64 -1088 0 ) 
4 37 63 (-64 -448 544 ) (-64 -448 0 ) (-64 -1088 0 ) (-64 -1088 544 ) 
4 37 59 (-64 -1088 768 ) (-64 -448 768 ) (-64 -448 544 ) (-64 -1088 544 ) 
4 38 70 (-64 -1936 768 ) (-64 -1920 768 ) (-64 -1920 -16 ) (-64 -1936 -16 ) 
4 39 52 (-704 192 1584 ) (-704 192 1600 ) (-704 1344 1600 ) (-704 1344 1584 ) 
4 39 51 (-704 1344 1600 ) (-704 1360 1600 ) (-704 1360 1584 ) (-704 1344 1584 ) 
4 39 43 (-64 192 1584 ) (-64 192 1600 ) (-704 192 1600 ) (-704 192 1584 ) 
4 39 40 (-704 1344 1584 ) (-704 1360 1584 ) (-64 1360 1584 ) (-64 1344 1584 ) 
4 40 51 (-704 1344 1584 ) (-704 1360 1584 ) (-704 1360 0 ) (-704 1344 0 ) 
4 40 42 (-704 1344 0 ) (-704 1360 0 ) (-64 1360 0 ) (-64 1344 0 ) 
4 41 53 (-704 192 0 ) (-704 192 1584 ) (-704 1344 1584 ) (-704 1344 0 ) 
4 41 49 (-192 192 320 ) (-576 192 320 ) (-576 192 0 ) (-192 192 0 ) 
4 41 46 (-192 192 544 ) (-576 192 544 ) (-576 192 432 ) (-192 192 432 ) 
4 41 44 (-64 192 544 ) (-64 192 1584 ) (-704 192 1584 ) (-704 192 544 ) 
4 42 51 (-704 1344 -16 ) (-704 1344 0 ) (-704 1360 0 ) (-704 1360 -16 ) 
4 43 56 (-64 -320 1584 ) (-64 -320 1600 ) (-704 -320 1600 ) (-704 -320 1584 ) 
4 43 52 (-704 -320 1584 ) (-704 -320 1600 ) (-704 192 1600 ) (-704 192 1584 ) 
4 44 59 (-64 -320 544 ) (-64 -320 768 ) (-576 -320 768 ) (-576 -320 544 ) 
4 44 57 (-64 -320 768 ) (-64 -320 1584 ) (-704 -320 1584 ) (-704 -320 768 ) 
4 44 53 (-704 -320 544 ) (-704 -320 1584 ) (-704 192 1584 ) (-704 192 544 ) 
4 44 48 (-704 -320 544 ) (-704 64 544 ) (-576 64 544 ) (-576 -320 544 ) 
4 44 46 (-576 192 544 ) (-192 192 544 ) (-192 64 544 ) (-576 64 544 ) 
4 44 47 (-192 64 544 ) (-192 -320 544 ) (-576 -320 544 ) (-576 64 544 ) 
4 44 45 (-64 64 544 ) (-64 -320 544 ) (-192 -320 544 ) (-192 64 544 ) 
4 45 47 (-192 -320 432 ) (-192 -320 544 ) (-192 64 544 ) (-192 64 432 ) 
4 46 47 (-576 64 544 ) (-576 64 432 ) (-192 64 432 ) (-192 64 544 ) 
4 47 61 (-192 -320 544 ) (-576 -320 544 ) (-576 -320 432 ) (-192 -320 432 ) 
4 47 50 (-192 -320 320 ) (-576 -320 320 ) (-576 64 320 ) (-192 64 320 ) 
4 47 48 (-576 -320 432 ) (-576 -320 544 ) (-576 64 544 ) (-576 64 432 ) 
4 48 53 (-704 -320 432 ) (-704 -320 544 ) (-704 64 544 ) (-704 64 432 ) 
4 49 50 (-192 64 320 ) (-576 64 320 ) (-576 64 0 ) (-192 64 0 ) 
4 50 62 (-192 -320 320 ) (-576 -320 320 ) (-576 -320 0 ) (-192 -320 0 ) 
4 50 53 (-704 -320 0 ) (-704 -320 320 ) (-704 64 320 ) (-704 64 0 ) 
4 51 55 (-1904 1344 -16 ) (-1888 1344 -16 ) (-1888 1344 0 ) (-1904 1344 0 ) 
4 51 54 (-1888 1344 1584 ) (-1904 1344 1584 ) (-1904 1344 0 ) (-1888 1344 0 ) 
4 51 52 (-704 1344 1584 ) (-704 1344 1600 ) (-1904 1344 1600 ) (-1904 1344 1584 ) 
4 52 71 (-1904 -320 1584 ) (-1216 -320 1584 ) (-1216 -320 1600 ) (-1904 -320 1600 ) 
4 52 56 (-1216 -320 1584 ) (-704 -320 1584 ) (-704 -320 1600 ) (-1216 -320 1600 ) 
4 52 54 (-1888 -320 1584 ) (-1904 -320 1584 ) (-1904 1344 1584 ) (-1888 1344 1584 ) 
4 53 77 (-1888 -320 0 ) (-1344 -320 0 ) (-1344 -320 768 ) (-1888 -320 768 ) 
4 53 72 (-1216 -320 768 ) (-1216 -320 1584 ) (-1888 -320 1584 ) (-1888 -320 768 ) 
4 53 68 (-1216 -320 0 ) (-704 -320 0 ) (-704 -320 544 ) (-1216 -320 544 ) 
4 53 65 (-704 -320 656 ) (-704 -320 768 ) (-1216 -320 768 ) (-1216 -320 656 ) 
4 53 57 (-704 -320 768 ) (-704 -320 1584 ) (-1216 -320 1584 ) (-1216 -320 768 ) 
4 54 78 (-1904 -320 0 ) (-1888 -320 0 ) (-1888 -320 768 ) (-1904 -320 768 ) 
4 54 73 (-1888 -320 768 ) (-1888 -320 1584 ) (-1904 -320 1584 ) (-1904 -320 768 ) 
4 54 55 (-1888 -320 0 ) (-1904 -320 0 ) (-1904 1344 0 ) (-1888 1344 0 ) 
4 55 78 (-1904 -320 -16 ) (-1888 -320 -16 ) (-1888 -320 0 ) (-1904 -320 0 ) 
4 56 71 (-1216 -320 1600 ) (-1216 -320 1584 ) (-1216 -1920 1584 ) (-1216 -1920 1600 ) 
4 56 58 (-1216 -1920 1600 ) (-1216 -1920 1584 ) (-64 -1920 1584 ) (-64 -1920 1600 ) 
4 57 72 (-1216 -320 1584 ) (-1216 -320 768 ) (-1216 -1920 768 ) (-1216 -1920 1584 ) 
4 57 69 (-64 -1088 768 ) (-64 -1920 768 ) (-1216 -1920 768 ) (-1216 -1088 768 ) 
4 57 67 (-704 -960 768 ) (-704 -1088 768 ) (-1216 -1088 768 ) (-1216 -960 768 ) 
4 57 65 (-1216 -320 768 ) (-704 -320 768 ) (-704 -448 768 ) (-1216 -448 768 ) 
4 57 66 (-704 -448 768 ) (-704 -960 768 ) (-1216 -960 768 ) (-1216 -448 768 ) 
4 57 60 (-576 -448 768 ) (-576 -960 768 ) (-704 -960 768 ) (-704 -448 768 ) 
4 57 59 (-576 -320 768 ) (-64 -320 768 ) (-64 -1088 768 ) (-576 -1088 768 ) 
4 58 74 (-1216 -1920 768 ) (-1216 -1936 768 ) (-1216 -1936 1600 ) (-1216 -1920 1600 ) 
4 58 70 (-64 -1920 768 ) (-64 -1936 768 ) (-1216 -1936 768 ) (-1216 -1920 768 ) 
4 59 69 (-64 -1088 768 ) (-576 -1088 768 ) (-576 -1088 544 ) (-64 -1088 544 ) 
4 59 63 (-64 -1088 544 ) (-576 -1088 544 ) (-576 -448 544 ) (-64 -448 544 ) 
4 59 61 (-576 -448 544 ) (-576 -320 544 ) (-192 -320 544 ) (-192 -448 544 ) 
4 59 60 (-576 -960 656 ) (-576 -960 768 ) (-576 -448 768 ) (-576 -448 656 ) 
4 60 66 (-704 -960 656 ) (-704 -960 768 ) (-704 -448 768 ) (-704 -448 656 ) 
4 61 63 (-192 -448 544 ) (-576 -448 544 ) (-576 -448 432 ) (-192 -448 432 ) 
4 62 63 (-192 -448 320 ) (-576 -448 320 ) (-576 -448 0 ) (-192 -448 0 ) 
4 63 69 (-64 -1088 0 ) (-64 -1088 544 ) (-576 -1088 544 ) (-576 -1088 0 ) 
4 63 64 (-576 -448 544 ) (-576 -448 0 ) (-576 -960 0 ) (-576 -960 544 ) 
4 64 68 (-704 -960 544 ) (-704 -448 544 ) (-704 -448 0 ) (-704 -960 0 ) 
4 65 66 (-704 -448 656 ) (-704 -448 768 ) (-1216 -448 768 ) (-1216 -448 656 ) 
4 66 75 (-1216 -960 656 ) (-1216 -960 768 ) (-1216 -448 768 ) (-1216 -448 656 ) 
4 66 68 (-704 -448 544 ) (-704 -960 544 ) (-1216 -960 544 ) (-1216 -448 544 ) 
4 66 67 (-1216 -960 768 ) (-1216 -960 656 ) (-704 -960 656 ) (-704 -960 768 ) 
4 67 69 (-704 -1088 768 ) (-1216 -1088 768 ) (-1216 -1088 656 ) (-704 -1088 656 ) 
4 68 76 (-1216 -448 0 ) (-1216 -960 0 ) (-1216 -960 544 ) (-1216 -448 544 ) 
4 68 69 (-1216 -1088 544 ) (-1216 -1088 0 ) (-704 -1088 0 ) (-704 -1088 544 ) 
4 69 79 (-1216 -1920 0 ) (-1216 -1920 768 ) (-1216 -1088 768 ) (-1216 -1088 0 ) 
4 70 80 (-1216 -1936 768 ) (-1216 -1920 768 ) (-1216 -1920 -16 ) (-1216 -1936 -16 ) 
4 71 74 (-1216 -1920 1584 ) (-1216 -1920 1600 ) (-1904 -1920 1600 ) (-1904 -1920 1584 ) 
4 71 73 (-1904 -320 1584 ) (-1888 -320 1584 ) (-1888 -1920 1584 ) (-1904 -1920 1584 ) 
4 72 79 (-1216 -1088 768 ) (-1216 -1920 768 ) (-1888 -1920 768 ) (-1888 -1088 768 ) 
4 72 77 (-1888 -320 768 ) (-1344 -320 768 ) (-1344 -1088 768 ) (-1888 -1088 768 ) 
4 72 75 (-1216 -448 768 ) (-1216 -960 768 ) (-1344 -960 768 ) (-1344 -448 768 ) 
4 73 81 (-1888 -1088 768 ) (-1888 -1920 768 ) (-1904 -1920 768 ) (-1904 -1088 768 ) 
4 73 78 (-1904 -320 768 ) (-1888 -320 768 ) (-1888 -1088 768 ) (-1904 -1088 768 ) 
4 73 74 (-1888 -1920 1584 ) (-1904 -1920 1584 ) (-1904 -1920 768 ) (-1888 -1920 768 ) 
4 74 81 (-1904 -1920 768 ) (-1888 -1920 768 ) (-1888 -1936 768 ) (-1904 -1936 768 ) 
4 74 80 (-1888 -1920 768 ) (-1216 -1920 768 ) (-1216 -1936 768 ) (-1888 -1936 768 ) 
4 75 77 (-1344 -960 656 ) (-1344 -960 768 ) (-1344 -448 768 ) (-1344 -448 656 ) 
4 76 77 (-1344 -448 0 ) (-1344 -960 0 ) (-1344 -960 544 ) (-1344 -448 544 ) 
4 77 79 (-1344 -1088 0 ) (-1344 -1088 768 ) (-1888 -1088 768 ) (-1888 -1088 0 ) 
4 78 81 (-1888 -1088 768 ) (-1904 -1088 768 ) (-1904 -1088 -16 ) (-1888 -1088 -16 ) 
4 80 81 (-1888 -1920 -16 ) (-1888 -1936 -16 ) (-1888 -1936 768 ) (-1888 -1920 768 ) 
