---- light / ericw-tools v0.18.1 ----
extra 4x4 sampling enabled
Raytracing backend: Embree
running with 20 threads
LoadBSPFile: 'final.bsp'
BSP is version 29
--- LoadEntities ---
3 entities read, 1 are lights.
--- OptionsSummary ---
    "bounce" was set to "1" from commandline
    "bouncescale" was set to "0.500000" from commandline
    "sunlight" was set to "200.000000" from map
    "sunlight2" was set to "190.000000" from map
    "sunlight2_color" was set to "255 255 255" from map
    "sunlight_mangle" was set to "-0.122788 -0.696364 -0.707107" from map
Embree_TraceInit: Embree version: 2.15.0
Embree_TraceInit:
	121 sky faces
	685 solid faces
	0 filtered faces
	0 shadow-casting skip faces
SetupLights: 1 initial lights
SetupLights: 1 after surface lights
SetupLights: 1 after jittering
using 65 suns for _sunlight2. total light: 190.000000 color: 255.000000 255.000000 255.000000
--- EstimateLightVisibility ---
0
Final count: 1 lights 66 suns in use.
--- LightWorld ---
--- MakeTextureColors ---
--- MakeBounceLights ---
0....1....2....3....4....5....6....7....8....9....
0....1....2....3....4....5....6....7....8....9....
Lighting Completed.

lightdatasize: 87857
0 switchable light styles (32 max)
Writing final.bsp as BSP version 29
1.700 seconds elapsed

stats:
0.005751 lights tested, 0.005751 hits per sample point
26.921256 bounce lights tested, 19.526696 hits per sample point
0 empty lightmaps
